# JRE version: OpenJDK Runtime Environment (8.0_242-b01) (build 1.8.0_242-release-1644-b01)
# Java VM: OpenJDK 64-Bit Server VM (25.242-b01 mixed mode windows-amd64 compressed oops)
Heap:
 PSYoungGen      total 102400K, used 81169K [0x00000000d5580000, 0x00000000dda80000, 0x0000000100000000)
  eden space 91648K, 76% used [0x00000000d5580000,0x00000000d9a45ff0,0x00000000daf00000)
  from space 10752K, 99% used [0x00000000daf00000,0x00000000db97e518,0x00000000db980000)
  to   space 12800K, 0% used [0x00000000dce00000,0x00000000dce00000,0x00000000dda80000)
 ParOldGen       total 80384K, used 16703K [0x0000000080000000, 0x0000000084e80000, 0x00000000d5580000)
  object space 80384K, 20% used [0x0000000080000000,0x000000008104fcf8,0x0000000084e80000)
 Metaspace       used 50604K, capacity 52554K, committed 52696K, reserved 1095680K
  class space    used 6743K, capacity 7127K, committed 7168K, reserved 1048576K
GC Heap History (10 events):
Event: 16.664 GC heap before
{Heap before GC invocations=11 (full 1):
 PSYoungGen      total 60928K, used 58493K [0x00000000d5580000, 0x00000000dad80000, 0x0000000100000000)
  eden space 50688K, 100% used [0x00000000d5580000,0x00000000d8700000,0x00000000d8700000)
  from space 10240K, 76% used [0x00000000d8700000,0x00000000d8e9f4e8,0x00000000d9100000)
  to   space 10752K, 0% used [0x00000000da300000,0x00000000da300000,0x00000000dad80000)
 ParOldGen       total 50688K, used 7568K [0x0000000080000000, 0x0000000083180000, 0x00000000d5580000)
  object space 50688K, 14% used [0x0000000080000000,0x0000000080764320,0x0000000083180000)
 Metaspace       used 32753K, capacity 33846K, committed 33920K, reserved 1079296K
  class space    used 4456K, capacity 4723K, committed 4736K, reserved 1048576K
Event: 16.735 GC heap after
Heap after GC invocations=11 (full 1):
 PSYoungGen      total 78848K, used 8238K [0x00000000d5580000, 0x00000000db200000, 0x0000000100000000)
  eden space 68096K, 0% used [0x00000000d5580000,0x00000000d5580000,0x00000000d9800000)
  from space 10752K, 76% used [0x00000000da300000,0x00000000dab0b9f0,0x00000000dad80000)
  to   space 11264K, 0% used [0x00000000d9800000,0x00000000d9800000,0x00000000da300000)
 ParOldGen       total 50688K, used 8206K [0x0000000080000000, 0x0000000083180000, 0x00000000d5580000)
  object space 50688K, 16% used [0x0000000080000000,0x0000000080803a28,0x0000000083180000)
 Metaspace       used 32753K, capacity 33846K, committed 33920K, reserved 1079296K
  class space    used 4456K, capacity 4723K, committed 4736K, reserved 1048576K
}
Event: 18.563 GC heap before
{Heap before GC invocations=12 (full 1):
 PSYoungGen      total 78848K, used 42808K [0x00000000d5580000, 0x00000000db200000, 0x0000000100000000)
  eden space 68096K, 50% used [0x00000000d5580000,0x00000000d77428a8,0x00000000d9800000)
  from space 10752K, 76% used [0x00000000da300000,0x00000000dab0b9f0,0x00000000dad80000)
  to   space 11264K, 0% used [0x00000000d9800000,0x00000000d9800000,0x00000000da300000)
 ParOldGen       total 50688K, used 8206K [0x0000000080000000, 0x0000000083180000, 0x00000000d5580000)
  object space 50688K, 16% used [0x0000000080000000,0x0000000080803a28,0x0000000083180000)
 Metaspace       used 34274K, capacity 35392K, committed 35416K, reserved 1079296K
  class space    used 4712K, capacity 4973K, committed 4992K, reserved 1048576K
Event: 18.587 GC heap after
Heap after GC invocations=12 (full 1):
 PSYoungGen      total 79360K, used 2454K [0x00000000d5580000, 0x00000000dc980000, 0x0000000100000000)
  eden space 68096K, 0% used [0x00000000d5580000,0x00000000d5580000,0x00000000d9800000)
  from space 11264K, 21% used [0x00000000d9800000,0x00000000d9a65968,0x00000000da300000)
  to   space 11264K, 0% used [0x00000000dbe80000,0x00000000dbe80000,0x00000000dc980000)
 ParOldGen       total 50688K, used 13901K [0x0000000080000000, 0x0000000083180000, 0x00000000d5580000)
  object space 50688K, 27% used [0x0000000080000000,0x0000000080d937f8,0x0000000083180000)
 Metaspace       used 34274K, capacity 35392K, committed 35416K, reserved 1079296K
  class space    used 4712K, capacity 4973K, committed 4992K, reserved 1048576K
}
Event: 18.587 GC heap before
{Heap before GC invocations=13 (full 2):
 PSYoungGen      total 79360K, used 2454K [0x00000000d5580000, 0x00000000dc980000, 0x0000000100000000)
  eden space 68096K, 0% used [0x00000000d5580000,0x00000000d5580000,0x00000000d9800000)
  from space 11264K, 21% used [0x00000000d9800000,0x00000000d9a65968,0x00000000da300000)
  to   space 11264K, 0% used [0x00000000dbe80000,0x00000000dbe80000,0x00000000dc980000)
 ParOldGen       total 50688K, used 13901K [0x0000000080000000, 0x0000000083180000, 0x00000000d5580000)
  object space 50688K, 27% used [0x0000000080000000,0x0000000080d937f8,0x0000000083180000)
 Metaspace       used 34274K, capacity 35392K, committed 35416K, reserved 1079296K
  class space    used 4712K, capacity 4973K, committed 4992K, reserved 1048576K
Event: 18.787 GC heap after
Heap after GC invocations=13 (full 2):
 PSYoungGen      total 79360K, used 0K [0x00000000d5580000, 0x00000000dc980000, 0x0000000100000000)
  eden space 68096K, 0% used [0x00000000d5580000,0x00000000d5580000,0x00000000d9800000)
  from space 11264K, 0% used [0x00000000d9800000,0x00000000d9800000,0x00000000da300000)
  to   space 11264K, 0% used [0x00000000dbe80000,0x00000000dbe80000,0x00000000dc980000)
 ParOldGen       total 80384K, used 15109K [0x0000000080000000, 0x0000000084e80000, 0x00000000d5580000)
  object space 80384K, 18% used [0x0000000080000000,0x0000000080ec1610,0x0000000084e80000)
 Metaspace       used 34274K, capacity 35392K, committed 35416K, reserved 1079296K
  class space    used 4712K, capacity 4973K, committed 4992K, reserved 1048576K
}
Event: 22.508 GC heap before
{Heap before GC invocations=14 (full 2):
 PSYoungGen      total 79360K, used 68096K [0x00000000d5580000, 0x00000000dc980000, 0x0000000100000000)
  eden space 68096K, 100% used [0x00000000d5580000,0x00000000d9800000,0x00000000d9800000)
  from space 11264K, 0% used [0x00000000d9800000,0x00000000d9800000,0x00000000da300000)
  to   space 11264K, 0% used [0x00000000dbe80000,0x00000000dbe80000,0x00000000dc980000)
 ParOldGen       total 80384K, used 15109K [0x0000000080000000, 0x0000000084e80000, 0x00000000d5580000)
  object space 80384K, 18% used [0x0000000080000000,0x0000000080ec1610,0x0000000084e80000)
 Metaspace       used 36441K, capacity 37904K, committed 38104K, reserved 1081344K
  class space    used 4984K, capacity 5285K, committed 5376K, reserved 1048576K
Event: 22.546 GC heap after
Heap after GC invocations=14 (full 2):
 PSYoungGen      total 93184K, used 5234K [0x00000000d5580000, 0x00000000dc400000, 0x0000000100000000)
  eden space 87552K, 0% used [0x00000000d5580000,0x00000000d5580000,0x00000000dab00000)
  from space 5632K, 92% used [0x00000000dbe80000,0x00000000dc39c9b8,0x00000000dc400000)
  to   space 10752K, 0% used [0x00000000daf00000,0x00000000daf00000,0x00000000db980000)
 ParOldGen       total 80384K, used 15117K [0x0000000080000000, 0x0000000084e80000, 0x00000000d5580000)
  object space 80384K, 18% used [0x0000000080000000,0x0000000080ec3610,0x0000000084e80000)
 Metaspace       used 36441K, capacity 37904K, committed 38104K, reserved 1081344K
  class space    used 4984K, capacity 5285K, committed 5376K, reserved 1048576K
}
Event: 26.470 GC heap before
{Heap before GC invocations=15 (full 2):
 PSYoungGen      total 93184K, used 92786K [0x00000000d5580000, 0x00000000dc400000, 0x0000000100000000)
  eden space 87552K, 100% used [0x00000000d5580000,0x00000000dab00000,0x00000000dab00000)
  from space 5632K, 92% used [0x00000000dbe80000,0x00000000dc39c9b8,0x00000000dc400000)
  to   space 10752K, 0% used [0x00000000daf00000,0x00000000daf00000,0x00000000db980000)
 ParOldGen       total 80384K, used 15117K [0x0000000080000000, 0x0000000084e80000, 0x00000000d5580000)
  object space 80384K, 18% used [0x0000000080000000,0x0000000080ec3610,0x0000000084e80000)
 Metaspace       used 44004K, capacity 45828K, committed 46040K, reserved 1089536K
  class space    used 5933K, capacity 6278K, committed 6400K, reserved 1048576K
Event: 26.494 GC heap after
Heap after GC invocations=15 (full 2):
 PSYoungGen      total 102400K, used 10745K [0x00000000d5580000, 0x00000000dda80000, 0x0000000100000000)
  eden space 91648K, 0% used [0x00000000d5580000,0x00000000d5580000,0x00000000daf00000)
  from space 10752K, 99% used [0x00000000daf00000,0x00000000db97e518,0x00000000db980000)
  to   space 12800K, 0% used [0x00000000dce00000,0x00000000dce00000,0x00000000dda80000)
 ParOldGen       total 80384K, used 16703K [0x0000000080000000, 0x0000000084e80000, 0x00000000d5580000)
  object space 80384K, 20% used [0x0000000080000000,0x000000008104fcf8,0x0000000084e80000)
 Metaspace       used 44004K, capacity 45828K, committed 46040K, reserved 1089536K
  class space    used 5933K, capacity 6278K, committed 6400K, reserved 1048576K
}

